<?xml version="1.0" encoding="UTF-8"?>
<!-- Generated by org.testng.reporters.JUnitXMLReporter -->
<testsuite ignored="0" hostname="Rakesh-Nishis-MacBook-Pro.local" failures="3" tests="90" name="Test" time="7.863" errors="0" timestamp="2022-06-19T15:47:22 EDT">
  <testcase classname="com.restAssured.JobsAPITest.TC_GetRequest_001" name="getJobsData" time="0.017"/>
  <testcase classname="com.restAssured.JobsAPITest.TC_GetRequest_001" name="getJobsData" time="0.001"/>
  <testcase classname="com.restAssured.JobsAPITest.TC_GetRequest_001" name="getJobsData" time="0.002"/>
  <testcase classname="com.restAssured.JobsAPITest.TC_GetRequest_001" name="getJobsData" time="0.001"/>
  <testcase classname="com.restAssured.JobsAPITest.TC_GetRequest_001" name="getJobsData" time="0.001"/>
  <testcase classname="com.restAssured.JobsAPITest.TC_GetRequest_001" name="getJobsData" time="0.001"/>
  <testcase classname="com.restAssured.JobsAPITest.TC_GetRequest_001" name="getJobsData" time="0.005"/>
  <testcase classname="com.restAssured.JobsAPITest.TC_GetRequest_001" name="getJobsData" time="0.004"/>
  <testcase classname="com.restAssured.JobsAPITest.TC_GetRequest_001" name="getJobsData" time="0.002"/>
  <testcase classname="com.restAssured.JobsAPITest.TC_GetRequest_001" name="getJobsData" time="0.001"/>
  <testcase classname="com.restAssured.JobsAPITest.TC_GetRequest_001" name="getJobsDetials" time="1.89"/>
  <testcase classname="com.restAssured.JobsAPITest.TC_GetRequest_001" name="get1JobsDetails" time="0.293"/>
  <testcase classname="com.restAssured.JobsAPITest.TC_PostRequest_002" name="postJobsData" time="0.03"/>
  <testcase classname="com.restAssured.JobsAPITest.TC_PostRequest_002" name="postJobsData" time="0.001"/>
  <testcase classname="com.restAssured.JobsAPITest.TC_PostRequest_002" name="postJobsData" time="0.0"/>
  <testcase classname="com.restAssured.JobsAPITest.TC_PostRequest_002" name="postJobsData" time="0.001"/>
  <testcase classname="com.restAssured.JobsAPITest.TC_PostRequest_002" name="postJobsData" time="0.003"/>
  <testcase classname="com.restAssured.JobsAPITest.TC_PostRequest_002" name="postJobsData" time="0.003"/>
  <testcase classname="com.restAssured.JobsAPITest.TC_PostRequest_002" name="postJobsData" time="0.001"/>
  <testcase classname="com.restAssured.JobsAPITest.TC_PostRequest_002" name="postJobsData" time="0.001"/>
  <testcase classname="com.restAssured.JobsAPITest.TC_PostRequest_002" name="postJobsData" time="0.001"/>
  <testcase classname="com.restAssured.JobsAPITest.TC_PostRequest_002" name="postJobsData" time="0.0"/>
  <testcase classname="com.restAssured.JobsAPITest.TC_PostRequest_002" name="postJobsData" time="0.002"/>
  <testcase classname="com.restAssured.JobsAPITest.TC_PostRequest_002" name="postJobsData" time="0.002"/>
  <testcase classname="com.restAssured.JobsAPITest.TC_PostRequest_002" name="postJobsData" time="0.0"/>
  <testcase classname="com.restAssured.JobsAPITest.TC_PostRequest_002" name="postJobsData" time="0.001"/>
  <testcase classname="com.restAssured.JobsAPITest.TC_PostRequest_002" name="postJobsData" time="0.0"/>
  <testcase classname="com.restAssured.JobsAPITest.TC_PostRequest_002" name="postJobsData" time="0.0"/>
  <testcase classname="com.restAssured.JobsAPITest.TC_PostRequest_002" name="postJobsData" time="0.0"/>
  <testcase classname="com.restAssured.JobsAPITest.TC_PostRequest_002" name="postJobsData" time="0.0"/>
  <testcase classname="com.restAssured.JobsAPITest.TC_PostRequest_002" name="postJobsData" time="0.001"/>
  <testcase classname="com.restAssured.JobsAPITest.TC_PostRequest_002" name="postJobsData" time="0.0"/>
  <testcase classname="com.restAssured.JobsAPITest.TC_PostRequest_002" name="postJobsData" time="0.002"/>
  <testcase classname="com.restAssured.JobsAPITest.TC_PostRequest_002" name="postJobsData" time="0.001"/>
  <testcase classname="com.restAssured.JobsAPITest.TC_PostRequest_002" name="postJobsData" time="0.0"/>
  <testcase classname="com.restAssured.JobsAPITest.TC_PostRequest_002" name="postJobsData" time="0.0"/>
  <testcase classname="com.restAssured.JobsAPITest.TC_PostRequest_002" name="postJobsData" time="0.001"/>
  <testcase classname="com.restAssured.JobsAPITest.TC_PostRequest_002" name="postJobsData" time="0.001"/>
  <testcase classname="com.restAssured.JobsAPITest.TC_PostRequest_002" name="postJobsData" time="0.001"/>
  <testcase classname="com.restAssured.JobsAPITest.TC_PostRequest_002" name="postJobsData" time="0.0"/>
  <testcase classname="com.restAssured.JobsAPITest.TC_PostRequest_002" name="postJobsData" time="0.002"/>
  <testcase classname="com.restAssured.JobsAPITest.TC_PostRequest_002" name="postJobsData" time="0.0"/>
  <testcase classname="com.restAssured.JobsAPITest.TC_PostRequest_002" name="postJobsData" time="0.001"/>
  <testcase classname="com.restAssured.JobsAPITest.TC_PostRequest_002" name="postJobsData" time="0.001"/>
  <testcase classname="com.restAssured.JobsAPITest.TC_PostRequest_002" name="postJobsData" time="0.001"/>
  <testcase classname="com.restAssured.JobsAPITest.TC_PostRequest_002" name="postJobsData" time="0.001"/>
  <testcase classname="com.restAssured.JobsAPITest.TC_PostRequest_002" name="postJobsDetails" time="0.121">
    <failure type="java.lang.IllegalStateException" message="Target host is null">
      <![CDATA[java.lang.IllegalStateException: Target host is null
at org.apache.http.util.Asserts.notNull(Asserts.java:52)
at org.apache.http.impl.conn.ProxySelectorRoutePlanner.determineRoute(ProxySelectorRoutePlanner.java:133)
at org.apache.http.impl.client.DefaultRequestDirector.determineRoute(DefaultRequestDirector.java:756)
at org.apache.http.impl.client.DefaultRequestDirector.execute(DefaultRequestDirector.java:375)
at org.apache.http.impl.client.AbstractHttpClient.doExecute(AbstractHttpClient.java:835)
at org.apache.http.impl.client.CloseableHttpClient.execute(CloseableHttpClient.java:83)
at io.restassured.internal.RestAssuredHttpBuilder.doRequest(RestAssuredHttpBuilder.java:141)
at io.restassured.internal.http.HTTPBuilder.post(HTTPBuilder.java:349)
at io.restassured.internal.http.HTTPBuilder$post$3.call(Unknown Source)
at org.codehaus.groovy.runtime.callsite.CallSiteArray.defaultCall(CallSiteArray.java:46)
at org.codehaus.groovy.runtime.callsite.AbstractCallSite.call(AbstractCallSite.java:125)
at org.codehaus.groovy.runtime.callsite.AbstractCallSite.call(AbstractCallSite.java:148)
at io.restassured.internal.RequestSpecificationImpl.sendRequest(RequestSpecificationImpl.groovy:1195)
at io.restassured.internal.RequestSpecificationImpl.this$2$sendRequest(RequestSpecificationImpl.groovy)
at groovy.lang.MetaMethod.doMethodInvoke(MetaMethod.java:328)
at groovy.lang.MetaClassImpl.doInvokeMethod(MetaClassImpl.java:1369)
at groovy.lang.MetaClassImpl.invokeMethod(MetaClassImpl.java:1103)
at groovy.lang.MetaClassImpl.invokeMethod(MetaClassImpl.java:1009)
at groovy.lang.MetaClassImpl.invokeMethod(MetaClassImpl.java:792)
at io.restassured.internal.RequestSpecificationImpl.invokeMethod(RequestSpecificationImpl.groovy)
at org.codehaus.groovy.runtime.callsite.PogoInterceptableSite.call(PogoInterceptableSite.java:46)
at org.codehaus.groovy.runtime.callsite.AbstractCallSite.call(AbstractCallSite.java:166)
at io.restassured.internal.filter.SendRequestFilter.filter(SendRequestFilter.groovy:30)
at io.restassured.filter.Filter$filter$0.call(Unknown Source)
at org.codehaus.groovy.runtime.callsite.CallSiteArray.defaultCall(CallSiteArray.java:46)
at io.restassured.filter.Filter$filter.call(Unknown Source)
at io.restassured.internal.filter.FilterContextImpl.next(FilterContextImpl.groovy:72)
at io.restassured.filter.time.TimingFilter.filter(TimingFilter.java:56)
at io.restassured.filter.Filter$filter.call(Unknown Source)
at org.codehaus.groovy.runtime.callsite.CallSiteArray.defaultCall(CallSiteArray.java:46)
at io.restassured.filter.Filter$filter$0.call(Unknown Source)
at io.restassured.internal.filter.FilterContextImpl.next(FilterContextImpl.groovy:72)
at io.restassured.filter.FilterContext$next.call(Unknown Source)
at io.restassured.internal.RequestSpecificationImpl.applyPathParamsAndSendRequest(RequestSpecificationImpl.groovy:1686)
at io.restassured.internal.RequestSpecificationImpl.this$2$applyPathParamsAndSendRequest(RequestSpecificationImpl.groovy)
at groovy.lang.MetaMethod.doMethodInvoke(MetaMethod.java:328)
at groovy.lang.MetaClassImpl.doInvokeMethod(MetaClassImpl.java:1369)
at groovy.lang.MetaClassImpl.invokeMethod(MetaClassImpl.java:1103)
at groovy.lang.MetaClassImpl.invokeMethod(MetaClassImpl.java:1009)
at groovy.lang.MetaClassImpl.invokeMethod(MetaClassImpl.java:792)
at io.restassured.internal.RequestSpecificationImpl.invokeMethod(RequestSpecificationImpl.groovy)
at org.codehaus.groovy.runtime.callsite.PogoInterceptableSite.call(PogoInterceptableSite.java:46)
at org.codehaus.groovy.runtime.callsite.PogoInterceptableSite.callCurrent(PogoInterceptableSite.java:57)
at org.codehaus.groovy.runtime.callsite.AbstractCallSite.callCurrent(AbstractCallSite.java:203)
at io.restassured.internal.RequestSpecificationImpl.applyPathParamsAndSendRequest(RequestSpecificationImpl.groovy:1692)
at io.restassured.internal.RequestSpecificationImpl.this$2$applyPathParamsAndSendRequest(RequestSpecificationImpl.groovy)
at groovy.lang.MetaMethod.doMethodInvoke(MetaMethod.java:328)
at groovy.lang.MetaClassImpl.doInvokeMethod(MetaClassImpl.java:1369)
at groovy.lang.MetaClassImpl.invokeMethod(MetaClassImpl.java:1103)
at groovy.lang.MetaClassImpl.invokeMethod(MetaClassImpl.java:1009)
at groovy.lang.MetaClassImpl.invokeMethod(MetaClassImpl.java:792)
at io.restassured.internal.RequestSpecificationImpl.invokeMethod(RequestSpecificationImpl.groovy)
at org.codehaus.groovy.runtime.callsite.PogoInterceptableSite.call(PogoInterceptableSite.java:46)
at org.codehaus.groovy.runtime.callsite.PogoInterceptableSite.callCurrent(PogoInterceptableSite.java:57)
at org.codehaus.groovy.runtime.callsite.CallSiteArray.defaultCallCurrent(CallSiteArray.java:50)
at org.codehaus.groovy.runtime.callsite.AbstractCallSite.callCurrent(AbstractCallSite.java:171)
at org.codehaus.groovy.runtime.callsite.AbstractCallSite.callCurrent(AbstractCallSite.java:203)
at io.restassured.internal.RequestSpecificationImpl.post(RequestSpecificationImpl.groovy:180)
at io.restassured.internal.RequestSpecificationImpl.post(RequestSpecificationImpl.groovy)
at com.restAssured.JobsAPITest.TC_PostRequest_002.postJobsDetails(TC_PostRequest_002.java:52)
at java.base/java.util.ArrayList.forEach(ArrayList.java:1511)
... Removed 34 stack frames]]>
    </failure>
  </testcase> <!-- postJobsDetails -->
  <testcase classname="com.restAssured.JobsAPITest.TC_PutRequest_003" name="putJobsData" time="0.005"/>
  <testcase classname="com.restAssured.JobsAPITest.TC_PutRequest_003" name="putJobsData" time="0.002"/>
  <testcase classname="com.restAssured.JobsAPITest.TC_PutRequest_003" name="putJobsData" time="0.0"/>
  <testcase classname="com.restAssured.JobsAPITest.TC_PutRequest_003" name="putJobsData" time="0.0"/>
  <testcase classname="com.restAssured.JobsAPITest.TC_PutRequest_003" name="putJobsData" time="0.001"/>
  <testcase classname="com.restAssured.JobsAPITest.TC_PutRequest_003" name="putJobsData" time="0.0"/>
  <testcase classname="com.restAssured.JobsAPITest.TC_PutRequest_003" name="putJobsData" time="0.001"/>
  <testcase classname="com.restAssured.JobsAPITest.TC_PutRequest_003" name="putJobsData" time="0.0"/>
  <testcase classname="com.restAssured.JobsAPITest.TC_PutRequest_003" name="putJobsData" time="0.004"/>
  <testcase classname="com.restAssured.JobsAPITest.TC_PutRequest_003" name="putJobsData" time="0.001"/>
  <testcase classname="com.restAssured.JobsAPITest.TC_PutRequest_003" name="putJobsData" time="0.001"/>
  <testcase classname="com.restAssured.JobsAPITest.TC_PutRequest_003" name="putJobsData" time="0.001"/>
  <testcase classname="com.restAssured.JobsAPITest.TC_PutRequest_003" name="putJobsData" time="0.001"/>
  <testcase classname="com.restAssured.JobsAPITest.TC_PutRequest_003" name="putJobsData" time="0.001"/>
  <testcase classname="com.restAssured.JobsAPITest.TC_PutRequest_003" name="putJobsData" time="0.001"/>
  <testcase classname="com.restAssured.JobsAPITest.TC_PutRequest_003" name="putJobsData" time="0.002"/>
  <testcase classname="com.restAssured.JobsAPITest.TC_PutRequest_003" name="putJobsData" time="0.002"/>
  <testcase classname="com.restAssured.JobsAPITest.TC_PutRequest_003" name="putJobsData" time="0.001"/>
  <testcase classname="com.restAssured.JobsAPITest.TC_PutRequest_003" name="putJobsData" time="0.0"/>
  <testcase classname="com.restAssured.JobsAPITest.TC_PutRequest_003" name="postJobsDetails" time="0.034">
    <failure type="java.lang.IllegalStateException" message="Target host is null">
      <![CDATA[java.lang.IllegalStateException: Target host is null
at org.apache.http.util.Asserts.notNull(Asserts.java:52)
at org.apache.http.impl.conn.ProxySelectorRoutePlanner.determineRoute(ProxySelectorRoutePlanner.java:133)
at org.apache.http.impl.client.DefaultRequestDirector.determineRoute(DefaultRequestDirector.java:756)
at org.apache.http.impl.client.DefaultRequestDirector.execute(DefaultRequestDirector.java:375)
at org.apache.http.impl.client.AbstractHttpClient.doExecute(AbstractHttpClient.java:835)
at org.apache.http.impl.client.CloseableHttpClient.execute(CloseableHttpClient.java:83)
at io.restassured.internal.RestAssuredHttpBuilder.doRequest(RestAssuredHttpBuilder.java:141)
at io.restassured.internal.http.HTTPBuilder.doRequest(HTTPBuilder.java:496)
at io.restassured.internal.http.HTTPBuilder.request(HTTPBuilder.java:453)
at io.restassured.internal.http.HTTPBuilder$request$2.call(Unknown Source)
at io.restassured.internal.RequestSpecificationImpl.sendHttpRequest(RequestSpecificationImpl.groovy:1466)
at io.restassured.internal.RequestSpecificationImpl.this$2$sendHttpRequest(RequestSpecificationImpl.groovy)
at groovy.lang.MetaMethod.doMethodInvoke(MetaMethod.java:328)
at groovy.lang.MetaClassImpl.doInvokeMethod(MetaClassImpl.java:1369)
at groovy.lang.MetaClassImpl.invokeMethod(MetaClassImpl.java:1103)
at groovy.lang.MetaClassImpl.invokeMethod(MetaClassImpl.java:1009)
at groovy.lang.MetaClassImpl.invokeMethod(MetaClassImpl.java:792)
at io.restassured.internal.RequestSpecificationImpl.invokeMethod(RequestSpecificationImpl.groovy)
at org.codehaus.groovy.runtime.callsite.PogoInterceptableSite.call(PogoInterceptableSite.java:46)
at org.codehaus.groovy.runtime.callsite.PogoInterceptableSite.callCurrent(PogoInterceptableSite.java:57)
at io.restassured.internal.RequestSpecificationImpl.sendRequest(RequestSpecificationImpl.groovy:1215)
at io.restassured.internal.RequestSpecificationImpl.this$2$sendRequest(RequestSpecificationImpl.groovy)
at groovy.lang.MetaMethod.doMethodInvoke(MetaMethod.java:328)
at groovy.lang.MetaClassImpl.doInvokeMethod(MetaClassImpl.java:1369)
at groovy.lang.MetaClassImpl.invokeMethod(MetaClassImpl.java:1103)
at groovy.lang.MetaClassImpl.invokeMethod(MetaClassImpl.java:1009)
at groovy.lang.MetaClassImpl.invokeMethod(MetaClassImpl.java:792)
at io.restassured.internal.RequestSpecificationImpl.invokeMethod(RequestSpecificationImpl.groovy)
at org.codehaus.groovy.runtime.callsite.PogoInterceptableSite.call(PogoInterceptableSite.java:46)
at org.codehaus.groovy.runtime.callsite.AbstractCallSite.call(AbstractCallSite.java:166)
at io.restassured.internal.filter.SendRequestFilter.filter(SendRequestFilter.groovy:30)
at io.restassured.filter.Filter$filter$0.call(Unknown Source)
at org.codehaus.groovy.runtime.callsite.CallSiteArray.defaultCall(CallSiteArray.java:46)
at io.restassured.filter.Filter$filter.call(Unknown Source)
at io.restassured.internal.filter.FilterContextImpl.next(FilterContextImpl.groovy:72)
at io.restassured.filter.time.TimingFilter.filter(TimingFilter.java:56)
at io.restassured.filter.Filter$filter.call(Unknown Source)
at org.codehaus.groovy.runtime.callsite.CallSiteArray.defaultCall(CallSiteArray.java:46)
at io.restassured.filter.Filter$filter$0.call(Unknown Source)
at io.restassured.internal.filter.FilterContextImpl.next(FilterContextImpl.groovy:72)
at io.restassured.filter.FilterContext$next.call(Unknown Source)
at io.restassured.internal.RequestSpecificationImpl.applyPathParamsAndSendRequest(RequestSpecificationImpl.groovy:1686)
at io.restassured.internal.RequestSpecificationImpl.this$2$applyPathParamsAndSendRequest(RequestSpecificationImpl.groovy)
at groovy.lang.MetaMethod.doMethodInvoke(MetaMethod.java:328)
at groovy.lang.MetaClassImpl.doInvokeMethod(MetaClassImpl.java:1369)
at groovy.lang.MetaClassImpl.invokeMethod(MetaClassImpl.java:1103)
at groovy.lang.MetaClassImpl.invokeMethod(MetaClassImpl.java:1009)
at groovy.lang.MetaClassImpl.invokeMethod(MetaClassImpl.java:792)
at io.restassured.internal.RequestSpecificationImpl.invokeMethod(RequestSpecificationImpl.groovy)
at org.codehaus.groovy.runtime.callsite.PogoInterceptableSite.call(PogoInterceptableSite.java:46)
at org.codehaus.groovy.runtime.callsite.PogoInterceptableSite.callCurrent(PogoInterceptableSite.java:57)
at org.codehaus.groovy.runtime.callsite.AbstractCallSite.callCurrent(AbstractCallSite.java:203)
at io.restassured.internal.RequestSpecificationImpl.applyPathParamsAndSendRequest(RequestSpecificationImpl.groovy:1692)
at io.restassured.internal.RequestSpecificationImpl.this$2$applyPathParamsAndSendRequest(RequestSpecificationImpl.groovy)
at groovy.lang.MetaMethod.doMethodInvoke(MetaMethod.java:328)
at groovy.lang.MetaClassImpl.doInvokeMethod(MetaClassImpl.java:1369)
at groovy.lang.MetaClassImpl.invokeMethod(MetaClassImpl.java:1103)
at groovy.lang.MetaClassImpl.invokeMethod(MetaClassImpl.java:1009)
at groovy.lang.MetaClassImpl.invokeMethod(MetaClassImpl.java:792)
at io.restassured.internal.RequestSpecificationImpl.invokeMethod(RequestSpecificationImpl.groovy)
at org.codehaus.groovy.runtime.callsite.PogoInterceptableSite.call(PogoInterceptableSite.java:46)
at org.codehaus.groovy.runtime.callsite.PogoInterceptableSite.callCurrent(PogoInterceptableSite.java:57)
at org.codehaus.groovy.runtime.callsite.CallSiteArray.defaultCallCurrent(CallSiteArray.java:50)
at org.codehaus.groovy.runtime.callsite.AbstractCallSite.callCurrent(AbstractCallSite.java:171)
at org.codehaus.groovy.runtime.callsite.AbstractCallSite.callCurrent(AbstractCallSite.java:203)
at io.restassured.internal.RequestSpecificationImpl.put(RequestSpecificationImpl.groovy:184)
at io.restassured.internal.RequestSpecificationImpl.put(RequestSpecificationImpl.groovy)
at com.restAssured.JobsAPITest.TC_PutRequest_003.postJobsDetails(TC_PutRequest_003.java:47)
at java.base/java.util.ArrayList.forEach(ArrayList.java:1511)
... Removed 37 stack frames]]>
    </failure>
  </testcase> <!-- postJobsDetails -->
  <testcase classname="com.restAssured.JobsAPITest.TC_DeleteRequest_004" name="deleteJobsData" time="0.014"/>
  <testcase classname="com.restAssured.JobsAPITest.TC_DeleteRequest_004" name="deleteJobsData" time="0.001"/>
  <testcase classname="com.restAssured.JobsAPITest.TC_DeleteRequest_004" name="deleteJobsData" time="0.0"/>
  <testcase classname="com.restAssured.JobsAPITest.TC_DeleteRequest_004" name="deleteJobsData" time="0.0"/>
  <testcase classname="com.restAssured.JobsAPITest.TC_DeleteRequest_004" name="deleteJobsData" time="0.001"/>
  <testcase classname="com.restAssured.JobsAPITest.TC_DeleteRequest_004" name="deleteJobsData" time="0.0"/>
  <testcase classname="com.restAssured.JobsAPITest.TC_DeleteRequest_004" name="deleteJobsData" time="0.005"/>
  <testcase classname="com.restAssured.JobsAPITest.TC_DeleteRequest_004" name="deleteJobsData" time="0.003"/>
  <testcase classname="com.restAssured.JobsAPITest.TC_DeleteRequest_004" name="deleteJobsData" time="0.001"/>
  <testcase classname="com.restAssured.JobsAPITest.TC_DeleteRequest_004" name="deleteJobsData" time="0.0"/>
  <testcase classname="com.restAssured.JobsAPITest.TC_DeleteRequest_004" name="deleteJobsData" time="0.001"/>
  <testcase classname="com.restAssured.JobsAPITest.TC_DeleteRequest_004" name="deleteJobsData" time="0.0"/>
  <testcase classname="com.restAssured.JobsAPITest.TC_DeleteRequest_004" name="deleteJobsData" time="0.0"/>
  <testcase classname="com.restAssured.JobsAPITest.TC_DeleteRequest_004" name="deleteJobsData" time="0.0"/>
  <testcase classname="com.restAssured.JobsAPITest.TC_DeleteRequest_004" name="deleteJobsData" time="0.0"/>
  <testcase classname="com.restAssured.JobsAPITest.TC_DeleteRequest_004" name="deleteJobsData" time="0.0"/>
  <testcase classname="com.restAssured.JobsAPITest.TC_DeleteRequest_004" name="deleteJobsData" time="0.001"/>
  <testcase classname="com.restAssured.JobsAPITest.TC_DeleteRequest_004" name="deleteJobsData" time="0.0"/>
  <testcase classname="com.restAssured.JobsAPITest.TC_DeleteRequest_004" name="deleteJobsData" time="0.001"/>
  <testcase classname="com.restAssured.JobsAPITest.TC_DeleteRequest_004" name="deleteJobsData" time="0.0"/>
  <testcase classname="com.restAssured.JobsAPITest.TC_DeleteRequest_004" name="deleteJobsData" time="0.0"/>
  <testcase classname="com.restAssured.JobsAPITest.TC_DeleteRequest_004" name="deleteJobsData" time="0.001"/>
  <testcase classname="com.restAssured.JobsAPITest.TC_DeleteRequest_004" name="deleteJobsDetails" time="0.051">
    <failure type="java.lang.IllegalStateException" message="Target host is null">
      <![CDATA[java.lang.IllegalStateException: Target host is null
at org.apache.http.util.Asserts.notNull(Asserts.java:52)
at org.apache.http.impl.conn.ProxySelectorRoutePlanner.determineRoute(ProxySelectorRoutePlanner.java:133)
at org.apache.http.impl.client.DefaultRequestDirector.determineRoute(DefaultRequestDirector.java:756)
at org.apache.http.impl.client.DefaultRequestDirector.execute(DefaultRequestDirector.java:375)
at org.apache.http.impl.client.AbstractHttpClient.doExecute(AbstractHttpClient.java:835)
at org.apache.http.impl.client.CloseableHttpClient.execute(CloseableHttpClient.java:83)
at io.restassured.internal.RestAssuredHttpBuilder.doRequest(RestAssuredHttpBuilder.java:141)
at io.restassured.internal.http.HTTPBuilder.doRequest(HTTPBuilder.java:496)
at io.restassured.internal.http.HTTPBuilder.request(HTTPBuilder.java:453)
at io.restassured.internal.http.HTTPBuilder$request$2.call(Unknown Source)
at io.restassured.internal.RequestSpecificationImpl.sendHttpRequest(RequestSpecificationImpl.groovy:1466)
at io.restassured.internal.RequestSpecificationImpl.this$2$sendHttpRequest(RequestSpecificationImpl.groovy)
at groovy.lang.MetaMethod.doMethodInvoke(MetaMethod.java:328)
at groovy.lang.MetaClassImpl.doInvokeMethod(MetaClassImpl.java:1369)
at groovy.lang.MetaClassImpl.invokeMethod(MetaClassImpl.java:1103)
at groovy.lang.MetaClassImpl.invokeMethod(MetaClassImpl.java:1009)
at groovy.lang.MetaClassImpl.invokeMethod(MetaClassImpl.java:792)
at io.restassured.internal.RequestSpecificationImpl.invokeMethod(RequestSpecificationImpl.groovy)
at org.codehaus.groovy.runtime.callsite.PogoInterceptableSite.call(PogoInterceptableSite.java:46)
at org.codehaus.groovy.runtime.callsite.PogoInterceptableSite.callCurrent(PogoInterceptableSite.java:57)
at io.restassured.internal.RequestSpecificationImpl.sendRequest(RequestSpecificationImpl.groovy:1215)
at io.restassured.internal.RequestSpecificationImpl.this$2$sendRequest(RequestSpecificationImpl.groovy)
at groovy.lang.MetaMethod.doMethodInvoke(MetaMethod.java:328)
at groovy.lang.MetaClassImpl.doInvokeMethod(MetaClassImpl.java:1369)
at groovy.lang.MetaClassImpl.invokeMethod(MetaClassImpl.java:1103)
at groovy.lang.MetaClassImpl.invokeMethod(MetaClassImpl.java:1009)
at groovy.lang.MetaClassImpl.invokeMethod(MetaClassImpl.java:792)
at io.restassured.internal.RequestSpecificationImpl.invokeMethod(RequestSpecificationImpl.groovy)
at org.codehaus.groovy.runtime.callsite.PogoInterceptableSite.call(PogoInterceptableSite.java:46)
at org.codehaus.groovy.runtime.callsite.AbstractCallSite.call(AbstractCallSite.java:166)
at io.restassured.internal.filter.SendRequestFilter.filter(SendRequestFilter.groovy:30)
at io.restassured.filter.Filter$filter$0.call(Unknown Source)
at org.codehaus.groovy.runtime.callsite.CallSiteArray.defaultCall(CallSiteArray.java:46)
at io.restassured.filter.Filter$filter.call(Unknown Source)
at io.restassured.internal.filter.FilterContextImpl.next(FilterContextImpl.groovy:72)
at io.restassured.filter.time.TimingFilter.filter(TimingFilter.java:56)
at io.restassured.filter.Filter$filter.call(Unknown Source)
at org.codehaus.groovy.runtime.callsite.CallSiteArray.defaultCall(CallSiteArray.java:46)
at io.restassured.filter.Filter$filter$0.call(Unknown Source)
at io.restassured.internal.filter.FilterContextImpl.next(FilterContextImpl.groovy:72)
at io.restassured.filter.FilterContext$next.call(Unknown Source)
at io.restassured.internal.RequestSpecificationImpl.applyPathParamsAndSendRequest(RequestSpecificationImpl.groovy:1686)
at io.restassured.internal.RequestSpecificationImpl.this$2$applyPathParamsAndSendRequest(RequestSpecificationImpl.groovy)
at groovy.lang.MetaMethod.doMethodInvoke(MetaMethod.java:328)
at groovy.lang.MetaClassImpl.doInvokeMethod(MetaClassImpl.java:1369)
at groovy.lang.MetaClassImpl.invokeMethod(MetaClassImpl.java:1103)
at groovy.lang.MetaClassImpl.invokeMethod(MetaClassImpl.java:1009)
at groovy.lang.MetaClassImpl.invokeMethod(MetaClassImpl.java:792)
at io.restassured.internal.RequestSpecificationImpl.invokeMethod(RequestSpecificationImpl.groovy)
at org.codehaus.groovy.runtime.callsite.PogoInterceptableSite.call(PogoInterceptableSite.java:46)
at org.codehaus.groovy.runtime.callsite.PogoInterceptableSite.callCurrent(PogoInterceptableSite.java:57)
at org.codehaus.groovy.runtime.callsite.AbstractCallSite.callCurrent(AbstractCallSite.java:203)
at io.restassured.internal.RequestSpecificationImpl.applyPathParamsAndSendRequest(RequestSpecificationImpl.groovy:1692)
at io.restassured.internal.RequestSpecificationImpl.this$2$applyPathParamsAndSendRequest(RequestSpecificationImpl.groovy)
at groovy.lang.MetaMethod.doMethodInvoke(MetaMethod.java:328)
at groovy.lang.MetaClassImpl.doInvokeMethod(MetaClassImpl.java:1369)
at groovy.lang.MetaClassImpl.invokeMethod(MetaClassImpl.java:1103)
at groovy.lang.MetaClassImpl.invokeMethod(MetaClassImpl.java:1009)
at groovy.lang.MetaClassImpl.invokeMethod(MetaClassImpl.java:792)
at io.restassured.internal.RequestSpecificationImpl.invokeMethod(RequestSpecificationImpl.groovy)
at org.codehaus.groovy.runtime.callsite.PogoInterceptableSite.call(PogoInterceptableSite.java:46)
at org.codehaus.groovy.runtime.callsite.PogoInterceptableSite.callCurrent(PogoInterceptableSite.java:57)
at org.codehaus.groovy.runtime.callsite.CallSiteArray.defaultCallCurrent(CallSiteArray.java:50)
at org.codehaus.groovy.runtime.callsite.AbstractCallSite.callCurrent(AbstractCallSite.java:171)
at org.codehaus.groovy.runtime.callsite.AbstractCallSite.callCurrent(AbstractCallSite.java:203)
at io.restassured.internal.RequestSpecificationImpl.delete(RequestSpecificationImpl.groovy:188)
at io.restassured.internal.RequestSpecificationImpl.delete(RequestSpecificationImpl.groovy)
at com.restAssured.JobsAPITest.TC_DeleteRequest_004.deleteJobsDetails(TC_DeleteRequest_004.java:43)
at java.base/java.util.ArrayList.forEach(ArrayList.java:1511)
... Removed 37 stack frames]]>
    </failure>
  </testcase> <!-- deleteJobsDetails -->
</testsuite> <!-- Test -->
