<?xml version="1.0" encoding="UTF-8"?>
<!-- Generated by org.testng.reporters.JUnitXMLReporter -->
<testsuite ignored="0" hostname="Rakesh-Nishis-MacBook-Pro.local" failures="0" tests="12" name="Default test" time="4.985" errors="0" timestamp="2022-06-07T21:11:03 EDT">
  <testcase classname="com.restAssured.JobsAPITest.TC_GetRequest_001" name="getJobsData" time="0.017"/>
  <testcase classname="com.restAssured.JobsAPITest.TC_GetRequest_001" name="getJobsData" time="0.001"/>
  <testcase classname="com.restAssured.JobsAPITest.TC_GetRequest_001" name="getJobsData" time="0.002"/>
  <testcase classname="com.restAssured.JobsAPITest.TC_GetRequest_001" name="getJobsData" time="0.001"/>
  <testcase classname="com.restAssured.JobsAPITest.TC_GetRequest_001" name="getJobsData" time="0.003"/>
  <testcase classname="com.restAssured.JobsAPITest.TC_GetRequest_001" name="getJobsData" time="0.002"/>
  <testcase classname="com.restAssured.JobsAPITest.TC_GetRequest_001" name="getJobsData" time="0.003"/>
  <testcase classname="com.restAssured.JobsAPITest.TC_GetRequest_001" name="getJobsData" time="0.001"/>
  <testcase classname="com.restAssured.JobsAPITest.TC_GetRequest_001" name="getJobsData" time="0.002"/>
  <testcase classname="com.restAssured.JobsAPITest.TC_GetRequest_001" name="getJobsData" time="0.0"/>
  <testcase classname="com.restAssured.JobsAPITest.TC_GetRequest_001" name="getJobsDetials" time="2.752"/>
  <testcase classname="com.restAssured.JobsAPITest.TC_GetRequest_001" name="get1JobsDetails" time="0.796"/>
</testsuite> <!-- Default test -->
